INFO 2016-07-05 14:32:37.163 [http-nio-9125-exec-1] pl.java.scalatech.web.UserController:67 - ++++Sdd9
INFO 2016-07-05 14:32:37.163 [http-nio-9125-exec-1]
INFO 2016-07-05 14:32:37.163 [http-nio-9125-exec-1]
INFO [http-nio-9125-exec-1]
INFO [http-nio-9125-exec-1]
INFO [http-nio-9125-exec-1]
INFO [http-nio-9125-exec-1]

INFO [http-nio-9125-exec-1]
INFO http-nio-9125-exec-1


TRACE 2016-07-06 14:09:31.079 [http-nio-9126-exec-10] [appId] org.springframework.aop.interceptor.CustomizableTraceInterceptor:299 - Entering =>  findOne(1).
TRACE 2016-07-06 14:09:31.081 [http-nio-9126-exec-10] [appId] org.springframework.aop.interceptor.CustomizableTraceInterceptor:299 - Leaving => findOne(..) with return value User(firstname=przodownik, email=przodownik@tlen.pl, login=przodownik, password=null), took 2ms.


 multiline {
       pattern => "^20"
       negate => true
       what => "previous"
    }
    
    
    
    PUT /my/employee/1
{
"first_name" : "John",
"last_name" : "Smith",
11"age" :
25,
"about" :
"I love to go rock climbing",
"interests": [ "sports", "music" ]
}